  Canister.cpp
  cstr.cpp
  main.cpp
  Generating Code...
C:\Users\mahen\OneDrive - Seneca\Desktop\COLLEGE\Semester2\OOP244\workshop4\main.cpp(24,15): error C2440: '<function-style-cast>': cannot convert from 'initializer list' to 'seneca::Canister'
C:\Users\mahen\OneDrive - Seneca\Desktop\COLLEGE\Semester2\OOP244\workshop4\main.cpp(25,15): error C2440: '<function-style-cast>': cannot convert from 'const char [13]' to 'seneca::Canister'
C:\Users\mahen\OneDrive - Seneca\Desktop\COLLEGE\Semester2\OOP244\workshop4\main.cpp(26,15): error C2440: '<function-style-cast>': cannot convert from 'initializer list' to 'seneca::Canister'
C:\Users\mahen\OneDrive - Seneca\Desktop\COLLEGE\Semester2\OOP244\workshop4\main.cpp(29,15): error C2440: '<function-style-cast>': cannot convert from 'nullptr' to 'seneca::Canister'
C:\Users\mahen\OneDrive - Seneca\Desktop\COLLEGE\Semester2\OOP244\workshop4\main.cpp(30,15): error C2440: '<function-style-cast>': cannot convert from 'initializer list' to 'seneca::Canister'
C:\Users\mahen\OneDrive - Seneca\Desktop\COLLEGE\Semester2\OOP244\workshop4\main.cpp(31,15): error C2440: '<function-style-cast>': cannot convert from 'initializer list' to 'seneca::Canister'
C:\Users\mahen\OneDrive - Seneca\Desktop\COLLEGE\Semester2\OOP244\workshop4\main.cpp(32,15): error C2440: '<function-style-cast>': cannot convert from 'initializer list' to 'seneca::Canister'
C:\Users\mahen\OneDrive - Seneca\Desktop\COLLEGE\Semester2\OOP244\workshop4\main.cpp(33,15): error C2440: '<function-style-cast>': cannot convert from 'initializer list' to 'seneca::Canister'
C:\Users\mahen\OneDrive - Seneca\Desktop\COLLEGE\Semester2\OOP244\workshop4\main.cpp(36,33): error C2039: 'clear': is not a member of 'seneca::Canister'
C:\Users\mahen\OneDrive - Seneca\Desktop\COLLEGE\Semester2\OOP244\workshop4\main.cpp(38,9): error C2039: 'setContent': is not a member of 'seneca::Canister'
C:\Users\mahen\OneDrive - Seneca\Desktop\COLLEGE\Semester2\OOP244\workshop4\main.cpp(39,9): error C2039: 'setContent': is not a member of 'seneca::Canister'
C:\Users\mahen\OneDrive - Seneca\Desktop\COLLEGE\Semester2\OOP244\workshop4\main.cpp(40,9): error C2039: 'setContent': is not a member of 'seneca::Canister'
C:\Users\mahen\OneDrive - Seneca\Desktop\COLLEGE\Semester2\OOP244\workshop4\main.cpp(41,9): error C2039: 'setContent': is not a member of 'seneca::Canister'
C:\Users\mahen\OneDrive - Seneca\Desktop\COLLEGE\Semester2\OOP244\workshop4\main.cpp(42,9): error C2039: 'setContent': is not a member of 'seneca::Canister'
C:\Users\mahen\OneDrive - Seneca\Desktop\COLLEGE\Semester2\OOP244\workshop4\main.cpp(44,57): error C2039: 'pour': is not a member of 'seneca::Canister'
C:\Users\mahen\OneDrive - Seneca\Desktop\COLLEGE\Semester2\OOP244\workshop4\main.cpp(44,4): error C2664: 'void showCans(const char *,const seneca::Canister *,int)': cannot convert argument 2 from 'int' to 'const seneca::Canister *'
C:\Users\mahen\OneDrive - Seneca\Desktop\COLLEGE\Semester2\OOP244\workshop4\main.cpp(45,9): error C2039: 'pour': is not a member of 'seneca::Canister'
C:\Users\mahen\OneDrive - Seneca\Desktop\COLLEGE\Semester2\OOP244\workshop4\main.cpp(47,9): error C2039: 'pour': is not a member of 'seneca::Canister'
C:\Users\mahen\OneDrive - Seneca\Desktop\COLLEGE\Semester2\OOP244\workshop4\main.cpp(49,65): error C2039: 'pour': is not a member of 'seneca::Canister'
C:\Users\mahen\OneDrive - Seneca\Desktop\COLLEGE\Semester2\OOP244\workshop4\main.cpp(49,4): error C2664: 'void showCans(const char *,const seneca::Canister *,int)': cannot convert argument 2 from 'int' to 'const seneca::Canister *'
C:\Users\mahen\OneDrive - Seneca\Desktop\COLLEGE\Semester2\OOP244\workshop4\main.cpp(50,56): error C2039: 'pour': is not a member of 'seneca::Canister'
C:\Users\mahen\OneDrive - Seneca\Desktop\COLLEGE\Semester2\OOP244\workshop4\main.cpp(50,4): error C2664: 'void showCans(const char *,const seneca::Canister *,int)': cannot convert argument 2 from 'int' to 'const seneca::Canister *'
C:\Users\mahen\OneDrive - Seneca\Desktop\COLLEGE\Semester2\OOP244\workshop4\main.cpp(51,65): error C2039: 'pour': is not a member of 'seneca::Canister'
C:\Users\mahen\OneDrive - Seneca\Desktop\COLLEGE\Semester2\OOP244\workshop4\main.cpp(51,4): error C2664: 'void showCans(const char *,const seneca::Canister *,int)': cannot convert argument 2 from 'int' to 'const seneca::Canister *'
C:\Users\mahen\OneDrive - Seneca\Desktop\COLLEGE\Semester2\OOP244\workshop4\main.cpp(52,79): error C2039: 'clear': is not a member of 'seneca::Canister'
C:\Users\mahen\OneDrive - Seneca\Desktop\COLLEGE\Semester2\OOP244\workshop4\main.cpp(52,4): error C2664: 'void showCans(const char *,const seneca::Canister *,int)': cannot convert argument 2 from 'int' to 'const seneca::Canister *'
